DEPRECATION WARNING: ActiveRecord::Base.raise_in_transactional_callbacks= is deprecated, has no effect and will be removed without replacement. (called from block in _load_from at config/puma.rb:15)
DEPRECATION WARNING: ActiveRecord::Base.raise_in_transactional_callbacks= is deprecated, has no effect and will be removed without replacement. (called from block in _load_from at config/puma.rb:15)
Started GET "/" for 127.0.0.1 at 2016-08-08 11:15:40 -0300
  
ActiveRecord::PendingMigrationError (

Migrations are pending. To resolve this issue, run:

	bin/rails db:migrate RAILS_ENV=development

):
  
activerecord (5.0.0) lib/active_record/migration.rb:572:in `check_pending!'
activerecord (5.0.0) lib/active_record/migration.rb:548:in `call'
actionpack (5.0.0) lib/action_dispatch/middleware/callbacks.rb:38:in `block in call'
activesupport (5.0.0) lib/active_support/callbacks.rb:97:in `__run_callbacks__'
activesupport (5.0.0) lib/active_support/callbacks.rb:750:in `_run_call_callbacks'
activesupport (5.0.0) lib/active_support/callbacks.rb:90:in `run_callbacks'
actionpack (5.0.0) lib/action_dispatch/middleware/callbacks.rb:36:in `call'
actionpack (5.0.0) lib/action_dispatch/middleware/executor.rb:12:in `call'
actionpack (5.0.0) lib/action_dispatch/middleware/remote_ip.rb:79:in `call'
actionpack (5.0.0) lib/action_dispatch/middleware/debug_exceptions.rb:49:in `call'
web-console (3.1.1) lib/web_console/middleware.rb:131:in `call_app'
web-console (3.1.1) lib/web_console/middleware.rb:28:in `block in call'
web-console (3.1.1) lib/web_console/middleware.rb:18:in `catch'
web-console (3.1.1) lib/web_console/middleware.rb:18:in `call'
actionpack (5.0.0) lib/action_dispatch/middleware/show_exceptions.rb:31:in `call'
railties (5.0.0) lib/rails/rack/logger.rb:36:in `call_app'
railties (5.0.0) lib/rails/rack/logger.rb:24:in `block in call'
activesupport (5.0.0) lib/active_support/tagged_logging.rb:70:in `block in tagged'
activesupport (5.0.0) lib/active_support/tagged_logging.rb:26:in `tagged'
activesupport (5.0.0) lib/active_support/tagged_logging.rb:70:in `tagged'
railties (5.0.0) lib/rails/rack/logger.rb:24:in `call'
actionpack (5.0.0) lib/action_dispatch/middleware/request_id.rb:24:in `call'
rack (2.0.1) lib/rack/method_override.rb:22:in `call'
rack (2.0.1) lib/rack/runtime.rb:22:in `call'
activesupport (5.0.0) lib/active_support/cache/strategy/local_cache_middleware.rb:28:in `call'
actionpack (5.0.0) lib/action_dispatch/middleware/executor.rb:12:in `call'
actionpack (5.0.0) lib/action_dispatch/middleware/static.rb:136:in `call'
rack (2.0.1) lib/rack/sendfile.rb:111:in `call'
railties (5.0.0) lib/rails/engine.rb:522:in `call'
puma (3.4.0) lib/puma/configuration.rb:224:in `call'
puma (3.4.0) lib/puma/server.rb:569:in `handle_request'
puma (3.4.0) lib/puma/server.rb:406:in `process_client'
puma (3.4.0) lib/puma/server.rb:271:in `block in run'
puma (3.4.0) lib/puma/thread_pool.rb:114:in `block in spawn_thread'
  Rendering /home/pdm/.rvm/gems/ruby-2.3.0/gems/actionpack-5.0.0/lib/action_dispatch/middleware/templates/rescues/diagnostics.html.erb within rescues/layout
  Rendering /home/pdm/.rvm/gems/ruby-2.3.0/gems/actionpack-5.0.0/lib/action_dispatch/middleware/templates/rescues/_source.html.erb
  Rendered /home/pdm/.rvm/gems/ruby-2.3.0/gems/actionpack-5.0.0/lib/action_dispatch/middleware/templates/rescues/_source.html.erb (3.7ms)
  Rendering /home/pdm/.rvm/gems/ruby-2.3.0/gems/actionpack-5.0.0/lib/action_dispatch/middleware/templates/rescues/_trace.html.erb
  Rendered /home/pdm/.rvm/gems/ruby-2.3.0/gems/actionpack-5.0.0/lib/action_dispatch/middleware/templates/rescues/_trace.html.erb (2.3ms)
  Rendering /home/pdm/.rvm/gems/ruby-2.3.0/gems/actionpack-5.0.0/lib/action_dispatch/middleware/templates/rescues/_request_and_response.html.erb
  Rendered /home/pdm/.rvm/gems/ruby-2.3.0/gems/actionpack-5.0.0/lib/action_dispatch/middleware/templates/rescues/_request_and_response.html.erb (1.3ms)
  Rendered /home/pdm/.rvm/gems/ruby-2.3.0/gems/actionpack-5.0.0/lib/action_dispatch/middleware/templates/rescues/diagnostics.html.erb within rescues/layout (71.1ms)
  Rendering /home/pdm/.rvm/gems/ruby-2.3.0/gems/web-console-3.1.1/lib/web_console/templates/index.html.erb
  Rendered /home/pdm/.rvm/gems/ruby-2.3.0/gems/web-console-3.1.1/lib/web_console/templates/_markup.html.erb (1.2ms)
  Rendering /home/pdm/.rvm/gems/ruby-2.3.0/gems/web-console-3.1.1/lib/web_console/templates/console.js.erb within layouts/javascript
  Rendering /home/pdm/.rvm/gems/ruby-2.3.0/gems/web-console-3.1.1/lib/web_console/templates/_inner_console_markup.html.erb within layouts/inlined_string
  Rendered /home/pdm/.rvm/gems/ruby-2.3.0/gems/web-console-3.1.1/lib/web_console/templates/_inner_console_markup.html.erb within layouts/inlined_string (0.7ms)
  Rendering /home/pdm/.rvm/gems/ruby-2.3.0/gems/web-console-3.1.1/lib/web_console/templates/_prompt_box_markup.html.erb within layouts/inlined_string
  Rendered /home/pdm/.rvm/gems/ruby-2.3.0/gems/web-console-3.1.1/lib/web_console/templates/_prompt_box_markup.html.erb within layouts/inlined_string (0.5ms)
  Rendering /home/pdm/.rvm/gems/ruby-2.3.0/gems/web-console-3.1.1/lib/web_console/templates/style.css.erb within layouts/inlined_string
  Rendered /home/pdm/.rvm/gems/ruby-2.3.0/gems/web-console-3.1.1/lib/web_console/templates/style.css.erb within layouts/inlined_string (1.1ms)
  Rendered /home/pdm/.rvm/gems/ruby-2.3.0/gems/web-console-3.1.1/lib/web_console/templates/console.js.erb within layouts/javascript (110.3ms)
  Rendering /home/pdm/.rvm/gems/ruby-2.3.0/gems/web-console-3.1.1/lib/web_console/templates/main.js.erb within layouts/javascript
  Rendered /home/pdm/.rvm/gems/ruby-2.3.0/gems/web-console-3.1.1/lib/web_console/templates/main.js.erb within layouts/javascript (0.6ms)
  Rendered /home/pdm/.rvm/gems/ruby-2.3.0/gems/web-console-3.1.1/lib/web_console/templates/index.html.erb (148.8ms)
DEPRECATION WARNING: ActiveRecord::Base.raise_in_transactional_callbacks= is deprecated, has no effect and will be removed without replacement. (called from require at /home/pdm/rails/imobank/bin/rails:9)
  [1m[35m (90.1ms)[0m  [1m[35mCREATE TABLE "schema_migrations" ("version" varchar NOT NULL PRIMARY KEY)[0m
  [1m[35m (79.7ms)[0m  [1m[35mCREATE TABLE "ar_internal_metadata" ("key" varchar NOT NULL PRIMARY KEY, "value" varchar, "created_at" datetime NOT NULL, "updated_at" datetime NOT NULL)[0m
  [1m[36mActiveRecord::SchemaMigration Load (0.2ms)[0m  [1m[34mSELECT "schema_migrations".* FROM "schema_migrations"[0m
Migrating to CreateUsers (20160712144932)
  [1m[35m (0.1ms)[0m  [1m[36mbegin transaction[0m
  [1m[35m (0.4ms)[0m  [1m[35mCREATE TABLE "users" ("id" INTEGER PRIMARY KEY AUTOINCREMENT NOT NULL, "name" varchar, "email" varchar, "created_at" datetime NOT NULL, "updated_at" datetime NOT NULL)[0m
  [1m[35mSQL (0.2ms)[0m  [1m[32mINSERT INTO "schema_migrations" ("version") VALUES (?)[0m  [["version", "20160712144932"]]
  [1m[35m (81.3ms)[0m  [1m[36mcommit transaction[0m
Migrating to AddIndexToUsersEmail (20160712151118)
  [1m[35m (0.1ms)[0m  [1m[36mbegin transaction[0m
  [1m[35m (0.1ms)[0m  [1m[34mselect sqlite_version(*)[0m
  [1m[35m (0.3ms)[0m  [1m[35mCREATE UNIQUE INDEX "index_users_on_email" ON "users" ("email")[0m
  [1m[35mSQL (0.1ms)[0m  [1m[32mINSERT INTO "schema_migrations" ("version") VALUES (?)[0m  [["version", "20160712151118"]]
  [1m[35m (81.9ms)[0m  [1m[36mcommit transaction[0m
Migrating to AddPasswordDigestToUsers (20160712151419)
  [1m[35m (0.1ms)[0m  [1m[36mbegin transaction[0m
  [1m[35m (0.4ms)[0m  [1m[35mALTER TABLE "users" ADD "password_digest" varchar[0m
  [1m[35mSQL (0.1ms)[0m  [1m[32mINSERT INTO "schema_migrations" ("version") VALUES (?)[0m  [["version", "20160712151419"]]
  [1m[35m (49.3ms)[0m  [1m[36mcommit transaction[0m
Migrating to AddRememberDigestToUsers (20160713192540)
  [1m[35m (0.1ms)[0m  [1m[36mbegin transaction[0m
  [1m[35m (0.4ms)[0m  [1m[35mALTER TABLE "users" ADD "remember_digest" varchar[0m
  [1m[35mSQL (0.1ms)[0m  [1m[32mINSERT INTO "schema_migrations" ("version") VALUES (?)[0m  [["version", "20160713192540"]]
  [1m[35m (77.5ms)[0m  [1m[36mcommit transaction[0m
Migrating to AddAdminToUsers (20160714164624)
  [1m[35m (0.1ms)[0m  [1m[36mbegin transaction[0m
  [1m[35m (0.4ms)[0m  [1m[35mALTER TABLE "users" ADD "admin" boolean DEFAULT 'f'[0m
  [1m[35mSQL (0.1ms)[0m  [1m[32mINSERT INTO "schema_migrations" ("version") VALUES (?)[0m  [["version", "20160714164624"]]
  [1m[35m (58.7ms)[0m  [1m[36mcommit transaction[0m
Migrating to AddActivationToUsers (20160714201836)
  [1m[35m (0.1ms)[0m  [1m[36mbegin transaction[0m
  [1m[35m (0.4ms)[0m  [1m[35mALTER TABLE "users" ADD "activation_digest" varchar[0m
  [1m[35m (0.3ms)[0m  [1m[35mALTER TABLE "users" ADD "activated" boolean DEFAULT 'f'[0m
  [1m[35m (0.2ms)[0m  [1m[35mALTER TABLE "users" ADD "activated_at" datetime[0m
  [1m[35mSQL (0.5ms)[0m  [1m[32mINSERT INTO "schema_migrations" ("version") VALUES (?)[0m  [["version", "20160714201836"]]
  [1m[35m (74.9ms)[0m  [1m[36mcommit transaction[0m
Migrating to AddResetToUsers (20160714234111)
  [1m[35m (0.1ms)[0m  [1m[36mbegin transaction[0m
  [1m[35m (0.4ms)[0m  [1m[35mALTER TABLE "users" ADD "reset_digest" varchar[0m
  [1m[35m (0.2ms)[0m  [1m[35mALTER TABLE "users" ADD "reset_sent_at" datetime[0m
  [1m[35mSQL (0.1ms)[0m  [1m[32mINSERT INTO "schema_migrations" ("version") VALUES (?)[0m  [["version", "20160714234111"]]
  [1m[35m (58.6ms)[0m  [1m[36mcommit transaction[0m
Migrating to CreateCandidates (20160715200122)
  [1m[35m (0.1ms)[0m  [1m[36mbegin transaction[0m
  [1m[35m (0.3ms)[0m  [1m[35mCREATE TABLE "candidates" ("id" INTEGER PRIMARY KEY AUTOINCREMENT NOT NULL, "name" varchar, "company" varchar, "phone" integer, "description" text, "email" varchar, "created_at" datetime NOT NULL, "updated_at" datetime NOT NULL)[0m
  [1m[35mSQL (0.1ms)[0m  [1m[32mINSERT INTO "schema_migrations" ("version") VALUES (?)[0m  [["version", "20160715200122"]]
  [1m[35m (80.8ms)[0m  [1m[36mcommit transaction[0m
Migrating to CreateProjects (20160719160500)
  [1m[35m (0.1ms)[0m  [1m[36mbegin transaction[0m
  [1m[35m (0.4ms)[0m  [1m[35mCREATE TABLE "projects" ("id" INTEGER PRIMARY KEY AUTOINCREMENT NOT NULL, "name" varchar, "type" varchar, "offering_value" decimal, "rate" decimal, "description" text, "funded" decimal, "location" varchar, "developer" varchar, "deadline" date, "term" integer, "file" varchar, "created_at" datetime NOT NULL, "updated_at" datetime NOT NULL)[0m
  [1m[35mSQL (0.1ms)[0m  [1m[32mINSERT INTO "schema_migrations" ("version") VALUES (?)[0m  [["version", "20160719160500"]]
  [1m[35m (79.3ms)[0m  [1m[36mcommit transaction[0m
Migrating to CreateInvestments (20160719162848)
  [1m[35m (0.1ms)[0m  [1m[36mbegin transaction[0m
  [1m[35m (0.4ms)[0m  [1m[35mCREATE TABLE "investments" ("id" INTEGER PRIMARY KEY AUTOINCREMENT NOT NULL, "user_id" integer, "project_id" integer, "resquest_amount" decimal, "deposit_amount" decimal, "deposit_date" date, "status" varchar, "bond_document" blob, "created_at" datetime NOT NULL, "updated_at" datetime NOT NULL)[0m
  [1m[35m (0.2ms)[0m  [1m[35mCREATE  INDEX "index_investments_on_user_id" ON "investments" ("user_id")[0m
  [1m[35m (0.1ms)[0m  [1m[34m            SELECT sql
            FROM sqlite_master
            WHERE name='index_investments_on_user_id' AND type='index'
            UNION ALL
            SELECT sql
            FROM sqlite_temp_master
            WHERE name='index_investments_on_user_id' AND type='index'
[0m
  [1m[35m (0.2ms)[0m  [1m[35mCREATE  INDEX "index_investments_on_project_id" ON "investments" ("project_id")[0m
  [1m[35m (0.1ms)[0m  [1m[34m            SELECT sql
            FROM sqlite_master
            WHERE name='index_investments_on_project_id' AND type='index'
            UNION ALL
            SELECT sql
            FROM sqlite_temp_master
            WHERE name='index_investments_on_project_id' AND type='index'
[0m
  [1m[35m (0.1ms)[0m  [1m[34m            SELECT sql
            FROM sqlite_master
            WHERE name='index_investments_on_user_id' AND type='index'
            UNION ALL
            SELECT sql
            FROM sqlite_temp_master
            WHERE name='index_investments_on_user_id' AND type='index'
[0m
  [1m[35m (0.2ms)[0m  [1m[35mCREATE  INDEX "index_investments_on_user_id_and_project_id_and_created_at" ON "investments" ("user_id", "project_id", "created_at")[0m
  [1m[35mSQL (0.1ms)[0m  [1m[32mINSERT INTO "schema_migrations" ("version") VALUES (?)[0m  [["version", "20160719162848"]]
  [1m[35m (83.9ms)[0m  [1m[36mcommit transaction[0m
Migrating to ProjectTypeChange (20160719223032)
  [1m[35m (0.1ms)[0m  [1m[36mbegin transaction[0m
  [1m[35m (0.4ms)[0m  [1m[35mCREATE TEMPORARY TABLE "aprojects" ("id" INTEGER PRIMARY KEY AUTOINCREMENT NOT NULL, "name" varchar, "project_type" varchar, "offering_value" decimal, "rate" decimal, "description" text, "funded" decimal, "location" varchar, "developer" varchar, "deadline" date, "term" integer, "file" varchar, "created_at" datetime NOT NULL, "updated_at" datetime NOT NULL)[0m
  [1m[35m (0.2ms)[0m  [1m[32mINSERT INTO "aprojects" ("id","name","project_type","offering_value","rate","description","funded","location","developer","deadline","term","file","created_at","updated_at")
                     SELECT "id","name","type","offering_value","rate","description","funded","location","developer","deadline","term","file","created_at","updated_at" FROM "projects"[0m
  [1m[35m (0.2ms)[0m  [1m[35mDROP TABLE "projects"[0m
  [1m[35m (0.3ms)[0m  [1m[35mCREATE TABLE "projects" ("id" INTEGER PRIMARY KEY AUTOINCREMENT NOT NULL, "name" varchar, "project_type" varchar, "offering_value" decimal, "rate" decimal, "description" text, "funded" decimal, "location" varchar, "developer" varchar, "deadline" date, "term" integer, "file" varchar, "created_at" datetime NOT NULL, "updated_at" datetime NOT NULL)[0m
  [1m[35m (0.1ms)[0m  [1m[32mINSERT INTO "projects" ("id","name","project_type","offering_value","rate","description","funded","location","developer","deadline","term","file","created_at","updated_at")
                     SELECT "id","name","project_type","offering_value","rate","description","funded","location","developer","deadline","term","file","created_at","updated_at" FROM "aprojects"[0m
  [1m[35m (0.2ms)[0m  [1m[35mDROP TABLE "aprojects"[0m
  [1m[35mSQL (0.3ms)[0m  [1m[32mINSERT INTO "schema_migrations" ("version") VALUES (?)[0m  [["version", "20160719223032"]]
  [1m[35m (70.4ms)[0m  [1m[36mcommit transaction[0m
Migrating to InvestmentFieldCorrection (20160719223723)
  [1m[35m (0.1ms)[0m  [1m[36mbegin transaction[0m
  [1m[35m (0.2ms)[0m  [1m[35mCREATE TEMPORARY TABLE "ainvestments" ("id" INTEGER PRIMARY KEY AUTOINCREMENT NOT NULL, "user_id" integer, "project_id" integer, "request_amount" decimal, "deposit_amount" decimal, "deposit_date" date, "status" varchar, "bond_document" blob, "created_at" datetime NOT NULL, "updated_at" datetime NOT NULL)[0m
  [1m[35m (0.1ms)[0m  [1m[34m            SELECT sql
            FROM sqlite_master
            WHERE name='index_investments_on_user_id_and_project_id_and_created_at' AND type='index'
            UNION ALL
            SELECT sql
            FROM sqlite_temp_master
            WHERE name='index_investments_on_user_id_and_project_id_and_created_at' AND type='index'
[0m
  [1m[35m (0.1ms)[0m  [1m[34m            SELECT sql
            FROM sqlite_master
            WHERE name='index_investments_on_project_id' AND type='index'
            UNION ALL
            SELECT sql
            FROM sqlite_temp_master
            WHERE name='index_investments_on_project_id' AND type='index'
[0m
  [1m[35m (0.1ms)[0m  [1m[34m            SELECT sql
            FROM sqlite_master
            WHERE name='index_investments_on_user_id' AND type='index'
            UNION ALL
            SELECT sql
            FROM sqlite_temp_master
            WHERE name='index_investments_on_user_id' AND type='index'
[0m
  [1m[35m (0.2ms)[0m  [1m[35mCREATE  INDEX "tindex_ainvestments_on_user_id_and_project_id_and_created_at" ON "ainvestments" ("user_id", "project_id", "created_at")[0m
  [1m[35m (0.2ms)[0m  [1m[35mCREATE  INDEX "tindex_ainvestments_on_project_id" ON "ainvestments" ("project_id")[0m
  [1m[35m (0.2ms)[0m  [1m[35mCREATE  INDEX "tindex_ainvestments_on_user_id" ON "ainvestments" ("user_id")[0m
  [1m[35m (0.1ms)[0m  [1m[32mINSERT INTO "ainvestments" ("id","user_id","project_id","request_amount","deposit_amount","deposit_date","status","bond_document","created_at","updated_at")
                     SELECT "id","user_id","project_id","resquest_amount","deposit_amount","deposit_date","status","bond_document","created_at","updated_at" FROM "investments"[0m
  [1m[35m (0.4ms)[0m  [1m[35mDROP TABLE "investments"[0m
  [1m[35m (0.2ms)[0m  [1m[35mCREATE TABLE "investments" ("id" INTEGER PRIMARY KEY AUTOINCREMENT NOT NULL, "user_id" integer, "project_id" integer, "request_amount" decimal, "deposit_amount" decimal, "deposit_date" date, "status" varchar, "bond_document" blob, "created_at" datetime NOT NULL, "updated_at" datetime NOT NULL)[0m
  [1m[35m (0.1ms)[0m  [1m[34m            SELECT sql
            FROM sqlite_master
            WHERE name='tindex_ainvestments_on_user_id' AND type='index'
            UNION ALL
            SELECT sql
            FROM sqlite_temp_master
            WHERE name='tindex_ainvestments_on_user_id' AND type='index'
[0m
  [1m[35m (0.1ms)[0m  [1m[34m            SELECT sql
            FROM sqlite_master
            WHERE name='tindex_ainvestments_on_project_id' AND type='index'
            UNION ALL
            SELECT sql
            FROM sqlite_temp_master
            WHERE name='tindex_ainvestments_on_project_id' AND type='index'
[0m
  [1m[35m (0.1ms)[0m  [1m[34m            SELECT sql
            FROM sqlite_master
            WHERE name='tindex_ainvestments_on_user_id_and_project_id_and_created_at' AND type='index'
            UNION ALL
            SELECT sql
            FROM sqlite_temp_master
            WHERE name='tindex_ainvestments_on_user_id_and_project_id_and_created_at' AND type='index'
[0m
  [1m[35m (0.2ms)[0m  [1m[35mCREATE  INDEX "index_investments_on_user_id" ON "investments" ("user_id")[0m
  [1m[35m (0.1ms)[0m  [1m[34m            SELECT sql
            FROM sqlite_master
            WHERE name='index_investments_on_user_id' AND type='index'
            UNION ALL
            SELECT sql
            FROM sqlite_temp_master
            WHERE name='index_investments_on_user_id' AND type='index'
[0m
  [1m[35m (0.2ms)[0m  [1m[35mCREATE  INDEX "index_investments_on_project_id" ON "investments" ("project_id")[0m
  [1m[35m (0.1ms)[0m  [1m[34m            SELECT sql
            FROM sqlite_master
            WHERE name='index_investments_on_project_id' AND type='index'
            UNION ALL
            SELECT sql
            FROM sqlite_temp_master
            WHERE name='index_investments_on_project_id' AND type='index'
[0m
  [1m[35m (0.1ms)[0m  [1m[34m            SELECT sql
            FROM sqlite_master
            WHERE name='index_investments_on_user_id' AND type='index'
            UNION ALL
            SELECT sql
            FROM sqlite_temp_master
            WHERE name='index_investments_on_user_id' AND type='index'
[0m
  [1m[35m (0.2ms)[0m  [1m[35mCREATE  INDEX "index_investments_on_user_id_and_project_id_and_created_at" ON "investments" ("user_id", "project_id", "created_at")[0m
  [1m[35m (0.1ms)[0m  [1m[32mINSERT INTO "investments" ("id","user_id","project_id","request_amount","deposit_amount","deposit_date","status","bond_document","created_at","updated_at")
                     SELECT "id","user_id","project_id","request_amount","deposit_amount","deposit_date","status","bond_document","created_at","updated_at" FROM "ainvestments"[0m
  [1m[35m (0.4ms)[0m  [1m[35mDROP TABLE "ainvestments"[0m
  [1m[35m (0.1ms)[0m  [1m[34m            SELECT sql
            FROM sqlite_master
            WHERE name='index_investments_on_user_id_and_project_id_and_created_at' AND type='index'
            UNION ALL
            SELECT sql
            FROM sqlite_temp_master
            WHERE name='index_investments_on_user_id_and_project_id_and_created_at' AND type='index'
[0m
  [1m[35m (0.1ms)[0m  [1m[34m            SELECT sql
            FROM sqlite_master
            WHERE name='index_investments_on_project_id' AND type='index'
            UNION ALL
            SELECT sql
            FROM sqlite_temp_master
            WHERE name='index_investments_on_project_id' AND type='index'
[0m
  [1m[35m (0.1ms)[0m  [1m[34m            SELECT sql
            FROM sqlite_master
            WHERE name='index_investments_on_user_id' AND type='index'
            UNION ALL
            SELECT sql
            FROM sqlite_temp_master
            WHERE name='index_investments_on_user_id' AND type='index'
[0m
  [1m[35mSQL (0.1ms)[0m  [1m[32mINSERT INTO "schema_migrations" ("version") VALUES (?)[0m  [["version", "20160719223723"]]
  [1m[35m (64.3ms)[0m  [1m[36mcommit transaction[0m
Migrating to AddCpfFileToUsers (20160721193337)
  [1m[35m (0.1ms)[0m  [1m[36mbegin transaction[0m
  [1m[35m (0.4ms)[0m  [1m[35mALTER TABLE "users" ADD "cpf_file" varchar[0m
  [1m[35mSQL (0.1ms)[0m  [1m[32mINSERT INTO "schema_migrations" ("version") VALUES (?)[0m  [["version", "20160721193337"]]
  [1m[35m (46.9ms)[0m  [1m[36mcommit transaction[0m
Migrating to AddCpfToUser (20160802185825)
  [1m[35m (0.1ms)[0m  [1m[36mbegin transaction[0m
  [1m[35m (0.4ms)[0m  [1m[35mALTER TABLE "users" ADD "cpf" integer[0m
  [1m[35mSQL (0.1ms)[0m  [1m[32mINSERT INTO "schema_migrations" ("version") VALUES (?)[0m  [["version", "20160802185825"]]
  [1m[35m (47.0ms)[0m  [1m[36mcommit transaction[0m
Migrating to AlterColumnUsersCpf (20160803222159)
  [1m[35m (0.1ms)[0m  [1m[36mbegin transaction[0m
  [1m[35m (0.3ms)[0m  [1m[35mCREATE TEMPORARY TABLE "ausers" ("id" INTEGER PRIMARY KEY AUTOINCREMENT NOT NULL, "name" varchar, "email" varchar, "created_at" datetime NOT NULL, "updated_at" datetime NOT NULL, "password_digest" varchar, "remember_digest" varchar, "admin" boolean DEFAULT 'f', "activation_digest" varchar, "activated" boolean DEFAULT 'f', "activated_at" datetime, "reset_digest" varchar, "reset_sent_at" datetime, "cpf_file" varchar, "cpf" integer)[0m
  [1m[35m (0.1ms)[0m  [1m[34m            SELECT sql
            FROM sqlite_master
            WHERE name='index_users_on_email' AND type='index'
            UNION ALL
            SELECT sql
            FROM sqlite_temp_master
            WHERE name='index_users_on_email' AND type='index'
[0m
  [1m[35m (0.2ms)[0m  [1m[35mCREATE UNIQUE INDEX "tindex_ausers_on_email" ON "ausers" ("email")[0m
  [1m[35m (0.2ms)[0m  [1m[32mINSERT INTO "ausers" ("id","name","email","created_at","updated_at","password_digest","remember_digest","admin","activation_digest","activated","activated_at","reset_digest","reset_sent_at","cpf_file","cpf")
                     SELECT "id","name","email","created_at","updated_at","password_digest","remember_digest","admin","activation_digest","activated","activated_at","reset_digest","reset_sent_at","cpf_file","cpf" FROM "users"[0m
  [1m[35m (0.3ms)[0m  [1m[35mDROP TABLE "users"[0m
  [1m[35m (0.3ms)[0m  [1m[35mCREATE TABLE "users" ("id" INTEGER PRIMARY KEY AUTOINCREMENT NOT NULL, "name" varchar, "email" varchar, "created_at" datetime NOT NULL, "updated_at" datetime NOT NULL, "password_digest" varchar, "remember_digest" varchar, "admin" boolean DEFAULT 'f', "activation_digest" varchar, "activated" boolean DEFAULT 'f', "activated_at" datetime, "reset_digest" varchar, "reset_sent_at" datetime, "cpf_file" varchar, "cpf" varchar)[0m
  [1m[35m (0.1ms)[0m  [1m[34m            SELECT sql
            FROM sqlite_master
            WHERE name='tindex_ausers_on_email' AND type='index'
            UNION ALL
            SELECT sql
            FROM sqlite_temp_master
            WHERE name='tindex_ausers_on_email' AND type='index'
[0m
  [1m[35m (0.3ms)[0m  [1m[35mCREATE UNIQUE INDEX "index_users_on_email" ON "users" ("email")[0m
  [1m[35m (0.2ms)[0m  [1m[32mINSERT INTO "users" ("id","name","email","created_at","updated_at","password_digest","remember_digest","admin","activation_digest","activated","activated_at","reset_digest","reset_sent_at","cpf_file","cpf")
                     SELECT "id","name","email","created_at","updated_at","password_digest","remember_digest","admin","activation_digest","activated","activated_at","reset_digest","reset_sent_at","cpf_file","cpf" FROM "ausers"[0m
  [1m[35m (0.2ms)[0m  [1m[35mDROP TABLE "ausers"[0m
  [1m[35mSQL (0.2ms)[0m  [1m[32mINSERT INTO "schema_migrations" ("version") VALUES (?)[0m  [["version", "20160803222159"]]
  [1m[35m (69.1ms)[0m  [1m[36mcommit transaction[0m
  [1m[36mActiveRecord::InternalMetadata Load (0.3ms)[0m  [1m[34mSELECT  "ar_internal_metadata".* FROM "ar_internal_metadata" WHERE "ar_internal_metadata"."key" = ? LIMIT ?[0m  [["key", :environment], ["LIMIT", 1]]
  [1m[35m (0.1ms)[0m  [1m[36mbegin transaction[0m
  [1m[35mSQL (0.2ms)[0m  [1m[32mINSERT INTO "ar_internal_metadata" ("key", "value", "created_at", "updated_at") VALUES (?, ?, ?, ?)[0m  [["key", "environment"], ["value", "development"], ["created_at", 2016-08-08 14:16:16 UTC], ["updated_at", 2016-08-08 14:16:16 UTC]]
  [1m[35m (57.6ms)[0m  [1m[36mcommit transaction[0m
  [1m[36mActiveRecord::SchemaMigration Load (0.1ms)[0m  [1m[34mSELECT "schema_migrations".* FROM "schema_migrations"[0m
  [1m[35m (0.1ms)[0m  [1m[34m            SELECT sql
            FROM sqlite_master
            WHERE name='index_investments_on_user_id_and_project_id_and_created_at' AND type='index'
            UNION ALL
            SELECT sql
            FROM sqlite_temp_master
            WHERE name='index_investments_on_user_id_and_project_id_and_created_at' AND type='index'
[0m
  [1m[35m (0.1ms)[0m  [1m[34m            SELECT sql
            FROM sqlite_master
            WHERE name='index_investments_on_project_id' AND type='index'
            UNION ALL
            SELECT sql
            FROM sqlite_temp_master
            WHERE name='index_investments_on_project_id' AND type='index'
[0m
  [1m[35m (0.1ms)[0m  [1m[34m            SELECT sql
            FROM sqlite_master
            WHERE name='index_investments_on_user_id' AND type='index'
            UNION ALL
            SELECT sql
            FROM sqlite_temp_master
            WHERE name='index_investments_on_user_id' AND type='index'
[0m
  [1m[35m (0.1ms)[0m  [1m[34m            SELECT sql
            FROM sqlite_master
            WHERE name='index_users_on_email' AND type='index'
            UNION ALL
            SELECT sql
            FROM sqlite_temp_master
            WHERE name='index_users_on_email' AND type='index'
[0m
DEPRECATION WARNING: ActiveRecord::Base.raise_in_transactional_callbacks= is deprecated, has no effect and will be removed without replacement. (called from block in _load_from at config/puma.rb:15)
DEPRECATION WARNING: ActiveRecord::Base.raise_in_transactional_callbacks= is deprecated, has no effect and will be removed without replacement. (called from block in _load_from at config/puma.rb:15)
Started GET "/" for 127.0.0.1 at 2016-08-08 11:16:26 -0300
  [1m[36mActiveRecord::SchemaMigration Load (0.3ms)[0m  [1m[34mSELECT "schema_migrations".* FROM "schema_migrations"[0m
Processing by PagesController#home as HTML
  Rendering pages/home.html.erb within layouts/application
  [1m[36mProject Load (0.3ms)[0m  [1m[34mSELECT "projects".* FROM "projects"[0m
  Rendered shared/_projects_available.html.erb (6.2ms)
  Rendered pages/home.html.erb within layouts/application (23070.2ms)
  Rendered application/_favicon.html.erb (7.1ms)
Completed 200 OK in 23641ms (Views: 23504.1ms | ActiveRecord: 1.8ms)


Started GET "/assets/account_activations.self-e3b0c44298fc1c149afbf4c8996fb92427ae41e4649b934ca495991b7852b855.css?body=1" for 127.0.0.1 at 2016-08-08 11:16:50 -0300
Started GET "/assets/candidates.self-e3b0c44298fc1c149afbf4c8996fb92427ae41e4649b934ca495991b7852b855.css?body=1" for 127.0.0.1 at 2016-08-08 11:16:50 -0300
Started GET "/assets/pages.self-f673ab3c453abc8889ea979f60765caaac64162b5d4d8e639d1dfda9b9b6e0cb.css?body=1" for 127.0.0.1 at 2016-08-08 11:16:50 -0300
Started GET "/assets/investments.self-e3b0c44298fc1c149afbf4c8996fb92427ae41e4649b934ca495991b7852b855.css?body=1" for 127.0.0.1 at 2016-08-08 11:16:50 -0300
Started GET "/assets/projects.self-e3b0c44298fc1c149afbf4c8996fb92427ae41e4649b934ca495991b7852b855.css?body=1" for 127.0.0.1 at 2016-08-08 11:16:50 -0300
Started GET "/assets/password_resets.self-e3b0c44298fc1c149afbf4c8996fb92427ae41e4649b934ca495991b7852b855.css?body=1" for 127.0.0.1 at 2016-08-08 11:16:50 -0300
Started GET "/assets/responsive.self-a9f785d43ccfde76a629b9e3302fafe30a5cdb0691d59eb27bdeaae55d8b0fe6.css?body=1" for 127.0.0.1 at 2016-08-08 11:16:50 -0300
Started GET "/assets/sessions.self-c14171c4709d8deb826892892f9b2b3ed0e8dbde874a55395093ef3539aaf2e3.css?body=1" for 127.0.0.1 at 2016-08-08 11:16:50 -0300
Started GET "/assets/users.self-1c8dff0222623079b3b20063a47f90e24185a8545122b023d7db18ad59dd23ad.css?body=1" for 127.0.0.1 at 2016-08-08 11:16:50 -0300
Started GET "/assets/application.self-c4991312985bccd133f1f21ab2f6a5d0129a8416a91037313b14f05d7d2e7dde.css?body=1" for 127.0.0.1 at 2016-08-08 11:16:50 -0300
Started GET "/assets/jquery_ujs.self-e87806d0cf4489aeb1bb7288016024e8de67fd18db693fe026fe3907581e53cd.js?body=1" for 127.0.0.1 at 2016-08-08 11:16:50 -0300
Started GET "/assets/jquery.self-660adc51e0224b731d29f575a6f1ec167ba08ad06ed5deca4f1e8654c135bf4c.js?body=1" for 127.0.0.1 at 2016-08-08 11:16:50 -0300
Started GET "/assets/turbolinks.self-c5acd7a204f5f25ce7a1d8a0e4d92e28d34c9e2df2c7371cd7af88e147e4ad82.js?body=1" for 127.0.0.1 at 2016-08-08 11:16:50 -0300
Started GET "/assets/candidates.self-877aef30ae1b040ab8a3aba4e3e309a11d7f2612f44dde450b5c157aa5f95c05.js?body=1" for 127.0.0.1 at 2016-08-08 11:16:50 -0300
Started GET "/assets/account_activations.self-877aef30ae1b040ab8a3aba4e3e309a11d7f2612f44dde450b5c157aa5f95c05.js?body=1" for 127.0.0.1 at 2016-08-08 11:16:50 -0300
Started GET "/assets/investments.self-877aef30ae1b040ab8a3aba4e3e309a11d7f2612f44dde450b5c157aa5f95c05.js?body=1" for 127.0.0.1 at 2016-08-08 11:16:50 -0300
Started GET "/assets/jquery.maskedinput.self-1da73cedd7fce78d444ce87d63b379e3570d3ccb9c0e983bba2fe492d81c65d4.js?body=1" for 127.0.0.1 at 2016-08-08 11:16:50 -0300
Started GET "/assets/pages.self-877aef30ae1b040ab8a3aba4e3e309a11d7f2612f44dde450b5c157aa5f95c05.js?body=1" for 127.0.0.1 at 2016-08-08 11:16:50 -0300
Started GET "/assets/password_resets.self-877aef30ae1b040ab8a3aba4e3e309a11d7f2612f44dde450b5c157aa5f95c05.js?body=1" for 127.0.0.1 at 2016-08-08 11:16:50 -0300
Started GET "/assets/projects.self-877aef30ae1b040ab8a3aba4e3e309a11d7f2612f44dde450b5c157aa5f95c05.js?body=1" for 127.0.0.1 at 2016-08-08 11:16:50 -0300
Started GET "/assets/sessions.self-877aef30ae1b040ab8a3aba4e3e309a11d7f2612f44dde450b5c157aa5f95c05.js?body=1" for 127.0.0.1 at 2016-08-08 11:16:50 -0300
  [1m[36mActiveRecord::SchemaMigration Load (0.4ms)[0m  [1m[34mSELECT "schema_migrations".* FROM "schema_migrations"[0m
  [1m[36mActiveRecord::SchemaMigration Load (0.2ms)[0m  [1m[34mSELECT "schema_migrations".* FROM "schema_migrations"[0m
  [1m[36mActiveRecord::SchemaMigration Load (0.1ms)[0m  [1m[34mSELECT "schema_migrations".* FROM "schema_migrations"[0m
Started GET "/assets/users.self-877aef30ae1b040ab8a3aba4e3e309a11d7f2612f44dde450b5c157aa5f95c05.js?body=1" for 127.0.0.1 at 2016-08-08 11:16:50 -0300
Started GET "/assets/semantic-ui.self-c4b86a25a9fea8720b4a624f8cf658cfa1390a3eced38429f0060cd880fa04b8.js?body=1" for 127.0.0.1 at 2016-08-08 11:16:50 -0300
Started GET "/assets/application.self-d9f71cfe5cd3a37dfb885e430ad1cf819a8db245d19a9a4842d4d26d65906806.js?body=1" for 127.0.0.1 at 2016-08-08 11:16:50 -0300
Started GET "/assets/logosmall-98775a00f116274d32dc3dec2c313b4d4fe8741755a84ae7fdf93d72a67f5afe.png" for 127.0.0.1 at 2016-08-08 11:16:50 -0300
Started GET "/assets/mapa-6dd8e35fb89c65025921f50f8fe76476c82bb896e4ca9d797fe37895a3bc61f2.png" for 127.0.0.1 at 2016-08-08 11:16:50 -0300
Started GET "/assets/mortgage-9afd76463396fa85a363e4135a920a1dcbe94ac6ff448bd493b7e5bd4fa49b9c.jpg" for 127.0.0.1 at 2016-08-08 11:16:50 -0300
Started GET "/assets/semantic-ui/icons-7dacf83f51179de8d7980a513e67ab3a08f2c6272bb5946df8fd77c0d1763b73.woff2" for 127.0.0.1 at 2016-08-08 11:16:52 -0300
Started GET "/assets/favicon/favicon-6e89d9ed96ece4edc9479887bd25f6ac16aac23c1c7af5f1021dfbe2bdd162fd.ico" for 127.0.0.1 at 2016-08-08 11:16:53 -0300
Started GET "/candidates/new" for 127.0.0.1 at 2016-08-08 11:17:44 -0300
Processing by CandidatesController#new as HTML
  Rendering candidates/new.html.erb within layouts/application
  Rendered shared/_terms_of_service_checkbox.html.erb (1.8ms)
  Rendered shared/_error_messages_candidate.html.erb (0.9ms)
  Rendered candidates/new.html.erb within layouts/application (65.7ms)
  Rendered application/_favicon.html.erb (8.5ms)
Completed 200 OK in 601ms (Views: 506.2ms | ActiveRecord: 1.3ms)


Started GET "/" for 127.0.0.1 at 2016-08-08 11:36:50 -0300
Processing by PagesController#home as HTML
  Rendering pages/home.html.erb within layouts/application
  [1m[36mProject Load (0.2ms)[0m  [1m[34mSELECT "projects".* FROM "projects"[0m
  Rendered shared/_projects_available.html.erb (4.1ms)
  Rendered pages/home.html.erb within layouts/application (88.7ms)
  Rendered application/_favicon.html.erb (29.0ms)
Completed 200 OK in 731ms (Views: 380.9ms | ActiveRecord: 39.8ms)


Started GET "/perguntas-frequentes-do-construtor" for 127.0.0.1 at 2016-08-08 13:01:07 -0300
Processing by PagesController#faq_developer as HTML
  Rendering pages/faq_developer.html.erb within layouts/application
  Rendered pages/faq_developer.html.erb within layouts/application (203.6ms)
  Rendered application/_favicon.html.erb (49.2ms)
Completed 200 OK in 2748ms (Views: 2359.8ms | ActiveRecord: 0.0ms)


Started GET "/como-funciona-para-o-investidor" for 127.0.0.1 at 2016-08-08 14:11:04 -0300
Processing by PagesController#how_it_works_investor as HTML
  Rendering pages/how_it_works_investor.html.erb within layouts/application
  Rendered pages/how_it_works_investor.html.erb within layouts/application (382.8ms)
  Rendered application/_favicon.html.erb (76.6ms)
Completed 200 OK in 5735ms (Views: 5102.0ms | ActiveRecord: 0.0ms)


Started GET "/como-funciona-para-o-construtor" for 127.0.0.1 at 2016-08-08 14:17:02 -0300
Processing by PagesController#how_it_works_developer as HTML
  Rendering pages/how_it_works_developer.html.erb within layouts/application
  Rendered pages/how_it_works_developer.html.erb within layouts/application (28.3ms)
  Rendered application/_favicon.html.erb (7.6ms)
Completed 200 OK in 159ms (Views: 157.1ms | ActiveRecord: 0.0ms)


Started GET "/" for 127.0.0.1 at 2016-08-08 14:17:04 -0300
Processing by PagesController#home as HTML
  Rendering pages/home.html.erb within layouts/application
  [1m[36mProject Load (122.7ms)[0m  [1m[34mSELECT "projects".* FROM "projects"[0m
  Rendered shared/_projects_available.html.erb (348.6ms)
  Rendered pages/home.html.erb within layouts/application (735.3ms)
  Rendered application/_favicon.html.erb (43.8ms)
Completed 200 OK in 1092ms (Views: 854.7ms | ActiveRecord: 122.7ms)


Started GET "/" for 127.0.0.1 at 2016-08-08 14:17:09 -0300
Processing by PagesController#home as HTML
  Rendering pages/home.html.erb within layouts/application
  [1m[36mProject Load (18.7ms)[0m  [1m[34mSELECT "projects".* FROM "projects"[0m
  Rendered shared/_projects_available.html.erb (43.0ms)
  Rendered pages/home.html.erb within layouts/application (81.8ms)
  Rendered application/_favicon.html.erb (44.7ms)
Completed 200 OK in 325ms (Views: 295.2ms | ActiveRecord: 18.7ms)


Started GET "/cadastrar" for 127.0.0.1 at 2016-08-08 14:17:11 -0300
Processing by UsersController#new as HTML
  Rendering users/new.html.erb within layouts/application
  Rendered shared/_error_messages.html.erb (32.6ms)
  Rendered shared/_terms_of_service_checkbox.html.erb (49.5ms)
  Rendered users/_form.html.erb (1200.4ms)
  Rendered users/new.html.erb within layouts/application (1221.1ms)
  Rendered application/_favicon.html.erb (21.2ms)
Completed 200 OK in 1570ms (Views: 1554.1ms | ActiveRecord: 0.0ms)


Started GET "/termos-do-servico" for 127.0.0.1 at 2016-08-08 14:17:20 -0300
Processing by PagesController#terms_of_service as HTML
  Rendering pages/terms_of_service.html.erb within layouts/application
  Rendered pages/terms_of_service.html.erb within layouts/application (11.7ms)
  Rendered application/_favicon.html.erb (47.5ms)
Completed 200 OK in 360ms (Views: 358.3ms | ActiveRecord: 0.0ms)


